┌ Info: C:\Users\topun\Documents\Gowerlabs\Lumo\gemma_occlusion17-3-2023_15-26.LUMO\metadata.toml
└ @ HiveNSI\fileStream.jl:929 [2023-03-17T15:26:12.936]
┌ Info: HiveNSI: ACQ: controller state transition NSIACQ_STREAMING -> NSIACQ_RECORDING
└ @ HiveNSI\hive.jl:211 [2023-03-17T15:26:12.938]
┌ Info: state: 3
│ substate: 0 
└ @ HiveNSI\hive.jl:449 [2023-03-17T15:26:13.031]
┌ Info: HiveNSI: event recieved: "$" at 1679066773302
└ @ HiveNSI\v1.jl:261 [2023-03-17T15:26:13.314]
┌ Info: HiveNSI: event recieved: "Event_" at 1679066795285
└ @ HiveNSI\v1.jl:261 [2023-03-17T15:26:35.29]
┌ Info: HiveNSI: Request stream start.
└ @ HiveNSI\v1.jl:115 [2023-03-17T15:52:11.118]
┌ Info: HiveNSI:  Auto Level
└ @ HiveNSI\v1.jl:131 [2023-03-17T15:52:11.118]
┌ Info: HiveNSI: ACQ: controller command NSI_TO_STREAM
└ @ HiveNSI\hive.jl:38 [2023-03-17T15:52:11.221]
┌ Info: state: 3
│ substate: 2 
└ @ HiveNSI\hive.jl:449 [2023-03-17T15:52:11.221]
