┌ Info: C:\Users\DOT-HUB LUMO\Documents\Gowerlabs\Lumo\Subject15_190926_eccentricity_run126-9-2019_10-13.LUMO\metadata.toml
└ @ HiveNSI C:\Users\DOT-HUB LUMO\Documents\GitHub\HiveNSI.jl\src\fileStream.jl:821
┌ Info: HiveNSI: ACQ: controller state transition NSIACQ_STREAMING -> NSIACQ_RECORDING
└ @ HiveNSI C:\Users\DOT-HUB LUMO\Documents\GitHub\HiveNSI.jl\src\hive.jl:168
┌ Warning: HiveNet: HiveNetAcquisitionModeError:
│   ex = HiveNet.Ex.HiveNetAcquisitionModeError("Acquisition bus receive buffer overflow limit (65536 bytes) exceeded.", nothing, 1)
└ @ HiveNet.Ex C:\Users\DOT-HUB LUMO\Documents\GitHub\HiveNet.jl\src\ex.jl:99
┌ Error: HiveAPI: Got acquisition mode error
│   err = HiveNet.Ex.HiveNetAcquisitionModeError("Acquisition bus receive buffer overflow limit (65536 bytes) exceeded.", nothing, 1)
└ @ HiveAPI C:\Users\DOT-HUB LUMO\Documents\GitHub\HiveAPI.jl\src\stream.jl:272
┌ Warning: HiveNet: HiveNetAcquisitionModeError:
│   ex = HiveNet.Ex.HiveNetAcquisitionModeError("Acquisition bus receive buffer overflow limit (65536 bytes) exceeded.", nothing, 1)
└ @ HiveNet.Ex C:\Users\DOT-HUB LUMO\Documents\GitHub\HiveNet.jl\src\ex.jl:99
┌ Error: HiveAPI: Got acquisition mode error
│   err = HiveNet.Ex.HiveNetAcquisitionModeError("Acquisition bus receive buffer overflow limit (65536 bytes) exceeded.", nothing, 1)
└ @ HiveAPI C:\Users\DOT-HUB LUMO\Documents\GitHub\HiveAPI.jl\src\stream.jl:272
┌ Info: Dict{String,Any}("label"=>"Event_","timeStamp"=>1569489264644)
└ @ HiveNSI C:\Users\DOT-HUB LUMO\Documents\GitHub\HiveNSI.jl\src\api\v1.jl:189
┌ Info: event recieved: "Event_" at 1569489264644
└ @ HiveNSI C:\Users\DOT-HUB LUMO\Documents\GitHub\HiveNSI.jl\src\api\v1.jl:200
┌ Info: Dict{String,Any}("label"=>"Event_","timeStamp"=>1569489289938)
└ @ HiveNSI C:\Users\DOT-HUB LUMO\Documents\GitHub\HiveNSI.jl\src\api\v1.jl:189
┌ Info: event recieved: "Event_" at 1569489289938
└ @ HiveNSI C:\Users\DOT-HUB LUMO\Documents\GitHub\HiveNSI.jl\src\api\v1.jl:200
┌ Info: Dict{String,Any}("label"=>"Event_","timeStamp"=>1569489315614)
└ @ HiveNSI C:\Users\DOT-HUB LUMO\Documents\GitHub\HiveNSI.jl\src\api\v1.jl:189
┌ Info: event recieved: "Event_" at 1569489315614
└ @ HiveNSI C:\Users\DOT-HUB LUMO\Documents\GitHub\HiveNSI.jl\src\api\v1.jl:200
┌ Info: Dict{String,Any}("label"=>"Event_","timeStamp"=>1569489343462)
└ @ HiveNSI C:\Users\DOT-HUB LUMO\Documents\GitHub\HiveNSI.jl\src\api\v1.jl:189
┌ Info: event recieved: "Event_" at 1569489343462
└ @ HiveNSI C:\Users\DOT-HUB LUMO\Documents\GitHub\HiveNSI.jl\src\api\v1.jl:200
┌ Info: Dict{String,Any}("label"=>"Event_","timeStamp"=>1569489373514)
└ @ HiveNSI C:\Users\DOT-HUB LUMO\Documents\GitHub\HiveNSI.jl\src\api\v1.jl:189
┌ Info: event recieved: "Event_" at 1569489373514
└ @ HiveNSI C:\Users\DOT-HUB LUMO\Documents\GitHub\HiveNSI.jl\src\api\v1.jl:200
┌ Info: Dict{String,Any}("label"=>"Event_","timeStamp"=>1569489400604)
└ @ HiveNSI C:\Users\DOT-HUB LUMO\Documents\GitHub\HiveNSI.jl\src\api\v1.jl:189
┌ Info: event recieved: "Event_" at 1569489400604
└ @ HiveNSI C:\Users\DOT-HUB LUMO\Documents\GitHub\HiveNSI.jl\src\api\v1.jl:200
┌ Info: Dict{String,Any}("label"=>"Event_","timeStamp"=>1569489429637)
└ @ HiveNSI C:\Users\DOT-HUB LUMO\Documents\GitHub\HiveNSI.jl\src\api\v1.jl:189
┌ Info: event recieved: "Event_" at 1569489429637
└ @ HiveNSI C:\Users\DOT-HUB LUMO\Documents\GitHub\HiveNSI.jl\src\api\v1.jl:200
┌ Info: Dict{String,Any}("label"=>"Event_","timeStamp"=>1569489456563)
└ @ HiveNSI C:\Users\DOT-HUB LUMO\Documents\GitHub\HiveNSI.jl\src\api\v1.jl:189
┌ Info: event recieved: "Event_" at 1569489456563
└ @ HiveNSI C:\Users\DOT-HUB LUMO\Documents\GitHub\HiveNSI.jl\src\api\v1.jl:200
┌ Info: Dict{String,Any}("label"=>"Event_","timeStamp"=>1569489483858)
└ @ HiveNSI C:\Users\DOT-HUB LUMO\Documents\GitHub\HiveNSI.jl\src\api\v1.jl:189
┌ Info: event recieved: "Event_" at 1569489483858
└ @ HiveNSI C:\Users\DOT-HUB LUMO\Documents\GitHub\HiveNSI.jl\src\api\v1.jl:200
┌ Info: Dict{String,Any}("label"=>"Event_","timeStamp"=>1569489508815)
└ @ HiveNSI C:\Users\DOT-HUB LUMO\Documents\GitHub\HiveNSI.jl\src\api\v1.jl:189
┌ Info: event recieved: "Event_" at 1569489508815
└ @ HiveNSI C:\Users\DOT-HUB LUMO\Documents\GitHub\HiveNSI.jl\src\api\v1.jl:200
┌ Info: Dict{String,Any}("label"=>"Event_","timeStamp"=>1569489537857)
└ @ HiveNSI C:\Users\DOT-HUB LUMO\Documents\GitHub\HiveNSI.jl\src\api\v1.jl:189
┌ Info: event recieved: "Event_" at 1569489537857
└ @ HiveNSI C:\Users\DOT-HUB LUMO\Documents\GitHub\HiveNSI.jl\src\api\v1.jl:200
┌ Info: Dict{String,Any}("label"=>"Event_","timeStamp"=>1569489567840)
└ @ HiveNSI C:\Users\DOT-HUB LUMO\Documents\GitHub\HiveNSI.jl\src\api\v1.jl:189
┌ Info: event recieved: "Event_" at 1569489567840
└ @ HiveNSI C:\Users\DOT-HUB LUMO\Documents\GitHub\HiveNSI.jl\src\api\v1.jl:200
┌ Info: Dict{String,Any}("label"=>"Event_","timeStamp"=>1569489596117)
└ @ HiveNSI C:\Users\DOT-HUB LUMO\Documents\GitHub\HiveNSI.jl\src\api\v1.jl:189
┌ Info: event recieved: "Event_" at 1569489596117
└ @ HiveNSI C:\Users\DOT-HUB LUMO\Documents\GitHub\HiveNSI.jl\src\api\v1.jl:200
┌ Info: Dict{String,Any}("label"=>"Event_","timeStamp"=>1569489622817)
└ @ HiveNSI C:\Users\DOT-HUB LUMO\Documents\GitHub\HiveNSI.jl\src\api\v1.jl:189
┌ Info: event recieved: "Event_" at 1569489622817
└ @ HiveNSI C:\Users\DOT-HUB LUMO\Documents\GitHub\HiveNSI.jl\src\api\v1.jl:200
┌ Info: Dict{String,Any}("label"=>"Event_","timeStamp"=>1569489651015)
└ @ HiveNSI C:\Users\DOT-HUB LUMO\Documents\GitHub\HiveNSI.jl\src\api\v1.jl:189
┌ Info: event recieved: "Event_" at 1569489651015
└ @ HiveNSI C:\Users\DOT-HUB LUMO\Documents\GitHub\HiveNSI.jl\src\api\v1.jl:200
┌ Info: Dict{String,Any}("label"=>"Event_","timeStamp"=>1569489676236)
└ @ HiveNSI C:\Users\DOT-HUB LUMO\Documents\GitHub\HiveNSI.jl\src\api\v1.jl:189
┌ Info: event recieved: "Event_" at 1569489676236
└ @ HiveNSI C:\Users\DOT-HUB LUMO\Documents\GitHub\HiveNSI.jl\src\api\v1.jl:200
┌ Info: Dict{String,Any}("label"=>"Event_","timeStamp"=>1569489704150)
└ @ HiveNSI C:\Users\DOT-HUB LUMO\Documents\GitHub\HiveNSI.jl\src\api\v1.jl:189
┌ Info: event recieved: "Event_" at 1569489704150
└ @ HiveNSI C:\Users\DOT-HUB LUMO\Documents\GitHub\HiveNSI.jl\src\api\v1.jl:200
┌ Info: Dict{String,Any}("label"=>"Event_","timeStamp"=>1569489731339)
└ @ HiveNSI C:\Users\DOT-HUB LUMO\Documents\GitHub\HiveNSI.jl\src\api\v1.jl:189
┌ Info: event recieved: "Event_" at 1569489731339
└ @ HiveNSI C:\Users\DOT-HUB LUMO\Documents\GitHub\HiveNSI.jl\src\api\v1.jl:200
┌ Info: Dict{String,Any}("label"=>"Event_","timeStamp"=>1569489761247)
└ @ HiveNSI C:\Users\DOT-HUB LUMO\Documents\GitHub\HiveNSI.jl\src\api\v1.jl:189
┌ Info: event recieved: "Event_" at 1569489761247
└ @ HiveNSI C:\Users\DOT-HUB LUMO\Documents\GitHub\HiveNSI.jl\src\api\v1.jl:200
┌ Info: Dict{String,Any}("label"=>"Event_","timeStamp"=>1569489786423)
└ @ HiveNSI C:\Users\DOT-HUB LUMO\Documents\GitHub\HiveNSI.jl\src\api\v1.jl:189
┌ Info: event recieved: "Event_" at 1569489786423
└ @ HiveNSI C:\Users\DOT-HUB LUMO\Documents\GitHub\HiveNSI.jl\src\api\v1.jl:200
┌ Info: Dict{String,Any}("label"=>"Event_","timeStamp"=>1569489812534)
└ @ HiveNSI C:\Users\DOT-HUB LUMO\Documents\GitHub\HiveNSI.jl\src\api\v1.jl:189
┌ Info: event recieved: "Event_" at 1569489812534
└ @ HiveNSI C:\Users\DOT-HUB LUMO\Documents\GitHub\HiveNSI.jl\src\api\v1.jl:200
┌ Info: Dict{String,Any}("label"=>"Event_","timeStamp"=>1569489839636)
└ @ HiveNSI C:\Users\DOT-HUB LUMO\Documents\GitHub\HiveNSI.jl\src\api\v1.jl:189
┌ Info: event recieved: "Event_" at 1569489839636
└ @ HiveNSI C:\Users\DOT-HUB LUMO\Documents\GitHub\HiveNSI.jl\src\api\v1.jl:200
┌ Info: Dict{String,Any}("label"=>"Event_","timeStamp"=>1569489866645)
└ @ HiveNSI C:\Users\DOT-HUB LUMO\Documents\GitHub\HiveNSI.jl\src\api\v1.jl:189
┌ Info: event recieved: "Event_" at 1569489866645
└ @ HiveNSI C:\Users\DOT-HUB LUMO\Documents\GitHub\HiveNSI.jl\src\api\v1.jl:200
┌ Info: Dict{String,Any}("label"=>"Event_","timeStamp"=>1569489894659)
└ @ HiveNSI C:\Users\DOT-HUB LUMO\Documents\GitHub\HiveNSI.jl\src\api\v1.jl:189
┌ Info: event recieved: "Event_" at 1569489894659
└ @ HiveNSI C:\Users\DOT-HUB LUMO\Documents\GitHub\HiveNSI.jl\src\api\v1.jl:200
┌ Info: Dict{String,Any}("label"=>"Event_","timeStamp"=>1569489922724)
└ @ HiveNSI C:\Users\DOT-HUB LUMO\Documents\GitHub\HiveNSI.jl\src\api\v1.jl:189
┌ Info: event recieved: "Event_" at 1569489922724
└ @ HiveNSI C:\Users\DOT-HUB LUMO\Documents\GitHub\HiveNSI.jl\src\api\v1.jl:200
┌ Info: Dict{String,Any}("label"=>"Event_","timeStamp"=>1569489948835)
└ @ HiveNSI C:\Users\DOT-HUB LUMO\Documents\GitHub\HiveNSI.jl\src\api\v1.jl:189
┌ Info: event recieved: "Event_" at 1569489948835
└ @ HiveNSI C:\Users\DOT-HUB LUMO\Documents\GitHub\HiveNSI.jl\src\api\v1.jl:200
┌ Info: Dict{String,Any}("label"=>"Event_","timeStamp"=>1569489974849)
└ @ HiveNSI C:\Users\DOT-HUB LUMO\Documents\GitHub\HiveNSI.jl\src\api\v1.jl:189
┌ Info: event recieved: "Event_" at 1569489974849
└ @ HiveNSI C:\Users\DOT-HUB LUMO\Documents\GitHub\HiveNSI.jl\src\api\v1.jl:200
┌ Info: Dict{String,Any}("label"=>"Event_","timeStamp"=>1569490002316)
└ @ HiveNSI C:\Users\DOT-HUB LUMO\Documents\GitHub\HiveNSI.jl\src\api\v1.jl:189
┌ Info: event recieved: "Event_" at 1569490002316
└ @ HiveNSI C:\Users\DOT-HUB LUMO\Documents\GitHub\HiveNSI.jl\src\api\v1.jl:200
┌ Info: Dict{String,Any}("label"=>"Event_","timeStamp"=>1569490030934)
└ @ HiveNSI C:\Users\DOT-HUB LUMO\Documents\GitHub\HiveNSI.jl\src\api\v1.jl:189
┌ Info: event recieved: "Event_" at 1569490030934
└ @ HiveNSI C:\Users\DOT-HUB LUMO\Documents\GitHub\HiveNSI.jl\src\api\v1.jl:200
┌ Info: Dict{String,Any}("label"=>"Event_","timeStamp"=>1569490057134)
└ @ HiveNSI C:\Users\DOT-HUB LUMO\Documents\GitHub\HiveNSI.jl\src\api\v1.jl:189
┌ Info: event recieved: "Event_" at 1569490057134
└ @ HiveNSI C:\Users\DOT-HUB LUMO\Documents\GitHub\HiveNSI.jl\src\api\v1.jl:200
┌ Info: Dict{String,Any}("label"=>"Event_","timeStamp"=>1569490085150)
└ @ HiveNSI C:\Users\DOT-HUB LUMO\Documents\GitHub\HiveNSI.jl\src\api\v1.jl:189
┌ Info: event recieved: "Event_" at 1569490085150
└ @ HiveNSI C:\Users\DOT-HUB LUMO\Documents\GitHub\HiveNSI.jl\src\api\v1.jl:200
┌ Info: Dict{String,Any}("label"=>"Event_","timeStamp"=>1569490113322)
└ @ HiveNSI C:\Users\DOT-HUB LUMO\Documents\GitHub\HiveNSI.jl\src\api\v1.jl:189
┌ Info: event recieved: "Event_" at 1569490113322
└ @ HiveNSI C:\Users\DOT-HUB LUMO\Documents\GitHub\HiveNSI.jl\src\api\v1.jl:200
┌ Info: Dict{String,Any}("label"=>"Event_","timeStamp"=>1569490139154)
└ @ HiveNSI C:\Users\DOT-HUB LUMO\Documents\GitHub\HiveNSI.jl\src\api\v1.jl:189
┌ Info: event recieved: "Event_" at 1569490139154
└ @ HiveNSI C:\Users\DOT-HUB LUMO\Documents\GitHub\HiveNSI.jl\src\api\v1.jl:200
┌ Info: Dict{String,Any}("label"=>"Event_","timeStamp"=>1569490165265)
└ @ HiveNSI C:\Users\DOT-HUB LUMO\Documents\GitHub\HiveNSI.jl\src\api\v1.jl:189
┌ Info: event recieved: "Event_" at 1569490165265
└ @ HiveNSI C:\Users\DOT-HUB LUMO\Documents\GitHub\HiveNSI.jl\src\api\v1.jl:200
┌ Info: Dict{String,Any}("label"=>"Event_","timeStamp"=>1569490194253)
└ @ HiveNSI C:\Users\DOT-HUB LUMO\Documents\GitHub\HiveNSI.jl\src\api\v1.jl:189
┌ Info: event recieved: "Event_" at 1569490194253
└ @ HiveNSI C:\Users\DOT-HUB LUMO\Documents\GitHub\HiveNSI.jl\src\api\v1.jl:200
┌ Info: Dict{String,Any}("label"=>"Event_","timeStamp"=>1569490220382)
└ @ HiveNSI C:\Users\DOT-HUB LUMO\Documents\GitHub\HiveNSI.jl\src\api\v1.jl:189
┌ Info: event recieved: "Event_" at 1569490220382
└ @ HiveNSI C:\Users\DOT-HUB LUMO\Documents\GitHub\HiveNSI.jl\src\api\v1.jl:200
┌ Info: Dict{String,Any}("label"=>"Event_","timeStamp"=>1569490246359)
└ @ HiveNSI C:\Users\DOT-HUB LUMO\Documents\GitHub\HiveNSI.jl\src\api\v1.jl:189
┌ Info: event recieved: "Event_" at 1569490246359
└ @ HiveNSI C:\Users\DOT-HUB LUMO\Documents\GitHub\HiveNSI.jl\src\api\v1.jl:200
┌ Info: Dict{String,Any}("label"=>"Event_","timeStamp"=>1569490272442)
└ @ HiveNSI C:\Users\DOT-HUB LUMO\Documents\GitHub\HiveNSI.jl\src\api\v1.jl:189
┌ Info: event recieved: "Event_" at 1569490272442
└ @ HiveNSI C:\Users\DOT-HUB LUMO\Documents\GitHub\HiveNSI.jl\src\api\v1.jl:200
┌ Info: Dict{String,Any}("label"=>"Event_","timeStamp"=>1569490300514)
└ @ HiveNSI C:\Users\DOT-HUB LUMO\Documents\GitHub\HiveNSI.jl\src\api\v1.jl:189
┌ Info: event recieved: "Event_" at 1569490300514
└ @ HiveNSI C:\Users\DOT-HUB LUMO\Documents\GitHub\HiveNSI.jl\src\api\v1.jl:200
┌ Info: HiveNSI: Request stream start.
└ @ HiveNSI C:\Users\DOT-HUB LUMO\Documents\GitHub\HiveNSI.jl\src\api\v1.jl:72
┌ Info: HiveNSI: ACQ: controller command NSIACQ_STREAM
└ @ HiveNSI C:\Users\DOT-HUB LUMO\Documents\GitHub\HiveNSI.jl\src\hive.jl:41
